<?xml version="1.0" encoding="UTF-8"?>
<!-- Generated by org.testng.reporters.JUnitReportReporter -->
<testsuite hostname="IN-WalderAG-0" failures="0" tests="1" name="com.inetbanking.testCases.TC_LoginTest_001" time="3.802" errors="0" timestamp="2021-09-28T00:17:40 IST" skipped="0">
  <testcase classname="com.inetbanking.testCases.TC_LoginTest_001" name="loginTest" time="3.802"/>
  <system-out/>
</testsuite> <!-- com.inetbanking.testCases.TC_LoginTest_001 -->
